[0mCompiling "resources/public/js/main.js" from ["src"]...[0m
[32mSuccessfully compiled "resources/public/js/main.js" in 0.393 seconds.[0m
notifying browser that file changed:  resources/public/js/goog/deps.js
notifying browser that file changed:  resources/public/js/cljs_deps.js
notifying browser that file changed:  resources/public/js/hello_world/core.js
[0mCompiling "resources/public/js/main.js" from ["src"]...[0m
[32mSuccessfully compiled "resources/public/js/main.js" in 0.309 seconds.[0m
notifying browser that file changed:  resources/public/js/hello_world/core.js
[0mCompiling "resources/public/js/main.js" from ["src"]...[0m
[32mSuccessfully compiled "resources/public/js/main.js" in 0.339 seconds.[0m
notifying browser that file changed:  resources/public/js/hello_world/core.js
[0mCompiling "resources/public/js/main.js" from ["src"]...[0m
[32mSuccessfully compiled "resources/public/js/main.js" in 0.54 seconds.[0m
notifying browser that file changed:  resources/public/js/hello_world/core.js
[0mCompiling "resources/public/js/main.js" from ["src"]...[0m
[32mSuccessfully compiled "resources/public/js/main.js" in 0.606 seconds.[0m
notifying browser that file changed:  resources/public/js/goog/deps.js
notifying browser that file changed:  resources/public/js/cljs_deps.js
notifying browser that file changed:  resources/public/js/hello_world/core.js
[0mCompiling "resources/public/js/main.js" from ["src"]...[0m
[32mSuccessfully compiled "resources/public/js/main.js" in 0.478 seconds.[0m
notifying browser that file changed:  resources/public/js/hello_world/core.js
[0mCompiling "resources/public/js/main.js" from ["src"]...[0m
[32mSuccessfully compiled "resources/public/js/main.js" in 0.853 seconds.[0m
notifying browser that file changed:  resources/public/js/hello_world/core.js
[0mCompiling "resources/public/js/main.js" from ["src"]...[0m
[32mSuccessfully compiled "resources/public/js/main.js" in 1.082 seconds.[0m
notifying browser that file changed:  resources/public/js/hello_world/core.js
[0mCompiling "resources/public/js/main.js" from ["src"]...[0m
[32mSuccessfully compiled "resources/public/js/main.js" in 0.943 seconds.[0m
notifying browser that file changed:  resources/public/js/hello_world/core.js
[0mCompiling "resources/public/js/main.js" from ["src"]...[0m
[32mSuccessfully compiled "resources/public/js/main.js" in 0.715 seconds.[0m
notifying browser that file changed:  resources/public/js/hello_world/core.js
[0mCompiling "resources/public/js/main.js" from ["src"]...[0m
[32mSuccessfully compiled "resources/public/js/main.js" in 0.588 seconds.[0m
notifying browser that file changed:  resources/public/js/hello_world/core.js
[0mCompiling "resources/public/js/main.js" from ["src"]...[0m
[32mSuccessfully compiled "resources/public/js/main.js" in 0.291 seconds.[0m
notifying browser that file changed:  resources/public/js/hello_world/core.js
[0mCompiling "resources/public/js/main.js" from ["src"]...[0m
[32mSuccessfully compiled "resources/public/js/main.js" in 0.369 seconds.[0m
notifying browser that file changed:  resources/public/js/hello_world/core.js
[0mCompiling "resources/public/js/main.js" from ["src"]...[0m
[32mSuccessfully compiled "resources/public/js/main.js" in 0.364 seconds.[0m
notifying browser that file changed:  resources/public/js/hello_world/core.js
[0mCompiling "resources/public/js/main.js" from ["src"]...[0m
[32mSuccessfully compiled "resources/public/js/main.js" in 0.378 seconds.[0m
notifying browser that file changed:  resources/public/js/hello_world/core.js
[0mCompiling "resources/public/js/main.js" from ["src"]...[0m
[32mSuccessfully compiled "resources/public/js/main.js" in 0.302 seconds.[0m
notifying browser that file changed:  resources/public/js/hello_world/core.js
[0mCompiling "resources/public/js/main.js" from ["src"]...[0m
[32mSuccessfully compiled "resources/public/js/main.js" in 0.289 seconds.[0m
notifying browser that file changed:  resources/public/js/hello_world/core.js
[0mCompiling "resources/public/js/main.js" from ["src"]...[0m
[32mSuccessfully compiled "resources/public/js/main.js" in 0.32 seconds.[0m
notifying browser that file changed:  resources/public/js/hello_world/core.js
[0mCompiling "resources/public/js/main.js" from ["src"]...[0m
[32mSuccessfully compiled "resources/public/js/main.js" in 0.307 seconds.[0m
notifying browser that file changed:  resources/public/js/hello_world/core.js
[0mCompiling "resources/public/js/main.js" from ["src"]...[0m
[32mSuccessfully compiled "resources/public/js/main.js" in 0.28 seconds.[0m
notifying browser that file changed:  resources/public/js/hello_world/core.js
[0mCompiling "resources/public/js/main.js" from ["src"]...[0m
[32mSuccessfully compiled "resources/public/js/main.js" in 0.284 seconds.[0m
notifying browser that file changed:  resources/public/js/hello_world/core.js
[0mCompiling "resources/public/js/main.js" from ["src"]...[0m
[32mSuccessfully compiled "resources/public/js/main.js" in 0.287 seconds.[0m
notifying browser that file changed:  resources/public/js/hello_world/core.js
[0mCompiling "resources/public/js/main.js" from ["src"]...[0m
[32mSuccessfully compiled "resources/public/js/main.js" in 0.297 seconds.[0m
notifying browser that file changed:  resources/public/js/hello_world/core.js
[0mCompiling "resources/public/js/main.js" from ["src"]...[0m
[32mSuccessfully compiled "resources/public/js/main.js" in 0.356 seconds.[0m
notifying browser that file changed:  resources/public/js/hello_world/core.js
[0mCompiling "resources/public/js/main.js" from ["src"]...[0m
[32mSuccessfully compiled "resources/public/js/main.js" in 0.303 seconds.[0m
notifying browser that file changed:  resources/public/js/hello_world/core.js
[0mCompiling "resources/public/js/main.js" from ["src"]...[0m
[32mSuccessfully compiled "resources/public/js/main.js" in 0.288 seconds.[0m
notifying browser that file changed:  resources/public/js/hello_world/core.js
[0mCompiling "resources/public/js/main.js" from ["src"]...[0m
[32mSuccessfully compiled "resources/public/js/main.js" in 0.338 seconds.[0m
notifying browser that file changed:  resources/public/js/hello_world/core.js
[0mCompiling "resources/public/js/main.js" from ["src"]...[0m
[32mSuccessfully compiled "resources/public/js/main.js" in 0.278 seconds.[0m
notifying browser that file changed:  resources/public/js/hello_world/core.js
[0mCompiling "resources/public/js/main.js" from ["src"]...[0m
[32mSuccessfully compiled "resources/public/js/main.js" in 0.307 seconds.[0m
notifying browser that file changed:  resources/public/js/hello_world/core.js
[0mCompiling "resources/public/js/main.js" from ["src"]...[0m
[32mSuccessfully compiled "resources/public/js/main.js" in 0.314 seconds.[0m
notifying browser that file changed:  resources/public/js/hello_world/core.js
[0mCompiling "resources/public/js/main.js" from ["src"]...[0m
[36m----  Compiler Warning on   src/hello_world/core.cljs   line:58  column:35  ----[0m

  [1mUse of undeclared Var hello-world.core/flavors[0m

  [36m54[0m  [36m;; #js is a reader macro that prepends the argument[0m
  [36m55[0m  [36m[0m
  [36m56[0m  [36m(println javascript-object) ;; #js {:taste flavor}[0m
  [36m57[0m  [36m[0m
  [33m58[0m  [1m(set! (.-taste javascript-object) flavors)[0m
  [0m  [0m  [33m                                  ^--- Use of undeclared Var hello-world.core/flavors[0m

[36m----  Compiler Warning : Please see src/hello_world/core.cljs  ----[0m
[32mSuccessfully compiled "resources/public/js/main.js" in 0.492 seconds.[0m
notifying browser that file changed:  resources/public/js/hello_world/core.js
[0mCompiling "resources/public/js/main.js" from ["src"]...[0m
[32mSuccessfully compiled "resources/public/js/main.js" in 0.335 seconds.[0m
notifying browser that file changed:  resources/public/js/hello_world/core.js
[0mCompiling "resources/public/js/main.js" from ["src"]...[0m
[32mSuccessfully compiled "resources/public/js/main.js" in 0.276 seconds.[0m
notifying browser that file changed:  resources/public/js/hello_world/core.js
[0mCompiling "resources/public/js/main.js" from ["src"]...[0m
[32mSuccessfully compiled "resources/public/js/main.js" in 0.419 seconds.[0m
notifying browser that file changed:  resources/public/js/hello_world/core.js
[0mCompiling "resources/public/js/main.js" from ["src"]...[0m
[32mSuccessfully compiled "resources/public/js/main.js" in 0.286 seconds.[0m
notifying browser that file changed:  resources/public/js/hello_world/core.js
[0mCompiling "resources/public/js/main.js" from ["src"]...[0m
[32mSuccessfully compiled "resources/public/js/main.js" in 0.318 seconds.[0m
notifying browser that file changed:  resources/public/js/hello_world/core.js
[0mCompiling "resources/public/js/main.js" from ["src"]...[0m
[32mSuccessfully compiled "resources/public/js/main.js" in 0.281 seconds.[0m
notifying browser that file changed:  resources/public/js/hello_world/core.js
[0mCompiling "resources/public/js/main.js" from ["src"]...[0m
[32mSuccessfully compiled "resources/public/js/main.js" in 0.3 seconds.[0m
notifying browser that file changed:  resources/public/js/hello_world/core.js
[0mCompiling "resources/public/js/main.js" from ["src"]...[0m
[32mSuccessfully compiled "resources/public/js/main.js" in 0.293 seconds.[0m
notifying browser that file changed:  resources/public/js/hello_world/core.js
[0mCompiling "resources/public/js/main.js" from ["src"]...[0m
[32mSuccessfully compiled "resources/public/js/main.js" in 0.296 seconds.[0m
notifying browser that file changed:  resources/public/js/hello_world/core.js
[0mCompiling "resources/public/js/main.js" from ["src"]...[0m
[32mSuccessfully compiled "resources/public/js/main.js" in 0.299 seconds.[0m
notifying browser that file changed:  resources/public/js/hello_world/core.js
[0mCompiling "resources/public/js/main.js" from ["src"]...[0m
[32mSuccessfully compiled "resources/public/js/main.js" in 0.279 seconds.[0m
notifying browser that file changed:  resources/public/js/hello_world/core.js
[0mCompiling "resources/public/js/main.js" from ["src"]...[0m
[32mSuccessfully compiled "resources/public/js/main.js" in 0.287 seconds.[0m
notifying browser that file changed:  resources/public/js/hello_world/core.js
[0mCompiling "resources/public/js/main.js" from ["src"]...[0m
[32mSuccessfully compiled "resources/public/js/main.js" in 0.288 seconds.[0m
notifying browser that file changed:  resources/public/js/hello_world/core.js
[0mCompiling "resources/public/js/main.js" from ["src"]...[0m
[32mSuccessfully compiled "resources/public/js/main.js" in 0.313 seconds.[0m
notifying browser that file changed:  resources/public/js/hello_world/core.js
[0mCompiling "resources/public/js/main.js" from ["src"]...[0m
[32mSuccessfully compiled "resources/public/js/main.js" in 0.282 seconds.[0m
notifying browser that file changed:  resources/public/js/hello_world/core.js
[0mCompiling "resources/public/js/main.js" from ["src"]...[0m
[32mSuccessfully compiled "resources/public/js/main.js" in 0.279 seconds.[0m
notifying browser that file changed:  resources/public/js/hello_world/core.js
[0mCompiling "resources/public/js/main.js" from ["src"]...[0m
[32mSuccessfully compiled "resources/public/js/main.js" in 0.277 seconds.[0m
notifying browser that file changed:  resources/public/js/hello_world/core.js
[0mCompiling "resources/public/js/main.js" from ["src"]...[0m
[36m----  Compiler Warning on   src/hello_world/core.cljs   line:74  column:32  ----[0m

  [1mUse of undeclared Var hello-world.core/js-clj[0m

  [36m70[0m  [36m(println (.-code (.-country new-js-obj))) ;; => nil[0m
  [36m71[0m  [36m[0m
  [36m72[0m  [36m;; That's why we need the clj->js and js->clj functions.[0m
  [36m73[0m  [36m[0m
  [33m74[0m  [1m(def newly-minted-clojure-obj (js-clj new-js-obj))[0m
  [0m  [0m  [33m                               ^--- Use of undeclared Var hello-world.core/js-clj[0m
  [36m75[0m  [36m(prinln newly-minted-clojure-obj)[0m

[36m----  Compiler Warning : Please see src/hello_world/core.cljs  ----[0m
[36m----  Compiler Warning on   src/hello_world/core.cljs   line:75  column:2  ----[0m

  [1mUse of undeclared Var hello-world.core/prinln[0m

  [36m72[0m  [36m;; That's why we need the clj->js and js->clj functions.[0m
  [36m73[0m  [36m[0m
  [36m74[0m  [36m(def newly-minted-clojure-obj (js-clj new-js-obj))[0m
  [33m75[0m  [1m(prinln newly-minted-clojure-obj)[0m
  [0m  [0m  [33m ^--- Use of undeclared Var hello-world.core/prinln[0m

[36m----  Compiler Warning : Please see src/hello_world/core.cljs  ----[0m
[32mSuccessfully compiled "resources/public/js/main.js" in 0.347 seconds.[0m
notifying browser that file changed:  resources/public/js/hello_world/core.js
[0mCompiling "resources/public/js/main.js" from ["src"]...[0m
[36m----  Compiler Warning on   src/hello_world/core.cljs   line:74  column:32  ----[0m

  [1mUse of undeclared Var hello-world.core/js-clj[0m

  [36m70[0m  [36m(println (.-code (.-country new-js-obj))) ;; => nil[0m
  [36m71[0m  [36m[0m
  [36m72[0m  [36m;; That's why we need the clj->js and js->clj functions.[0m
  [36m73[0m  [36m[0m
  [33m74[0m  [1m(def newly-minted-clojure-obj (js-clj new-js-obj))[0m
  [0m  [0m  [33m                               ^--- Use of undeclared Var hello-world.core/js-clj[0m
  [36m75[0m  [36m(println newly-minted-clojure-obj)[0m

[36m----  Compiler Warning : Please see src/hello_world/core.cljs  ----[0m
[32mSuccessfully compiled "resources/public/js/main.js" in 0.339 seconds.[0m
notifying browser that file changed:  resources/public/js/hello_world/core.js
[0mCompiling "resources/public/js/main.js" from ["src"]...[0m
[32mSuccessfully compiled "resources/public/js/main.js" in 0.286 seconds.[0m
notifying browser that file changed:  resources/public/js/hello_world/core.js
[0mCompiling "resources/public/js/main.js" from ["src"]...[0m
[32mSuccessfully compiled "resources/public/js/main.js" in 0.289 seconds.[0m
notifying browser that file changed:  resources/public/js/hello_world/core.js
[0mCompiling "resources/public/js/main.js" from ["src"]...[0m
[32mSuccessfully compiled "resources/public/js/main.js" in 0.278 seconds.[0m
notifying browser that file changed:  resources/public/js/hello_world/core.js
[0mCompiling "resources/public/js/main.js" from ["src"]...[0m
[32mSuccessfully compiled "resources/public/js/main.js" in 0.343 seconds.[0m
notifying browser that file changed:  resources/public/js/hello_world/core.js
[0mCompiling "resources/public/js/main.js" from ["src"]...[0m
[32mSuccessfully compiled "resources/public/js/main.js" in 0.332 seconds.[0m
notifying browser that file changed:  resources/public/js/hello_world/core.js
[0mCompiling "resources/public/js/main.js" from ["src"]...[0m
[32mSuccessfully compiled "resources/public/js/main.js" in 0.286 seconds.[0m
notifying browser that file changed:  resources/public/js/hello_world/core.js
[0mCompiling "resources/public/js/main.js" from ["src"]...[0m
[32mSuccessfully compiled "resources/public/js/main.js" in 0.289 seconds.[0m
notifying browser that file changed:  resources/public/js/hello_world/core.js
[0mCompiling "resources/public/js/main.js" from ["src"]...[0m
[32mSuccessfully compiled "resources/public/js/main.js" in 0.319 seconds.[0m
notifying browser that file changed:  resources/public/js/hello_world/core.js
[0mCompiling "resources/public/js/main.js" from ["src"]...[0m
[31mFailed to compile "resources/public/js/main.js" in 0.241 seconds.[0m
[36m----  Could not Read  src/hello_world/core.cljs   line:74  column:54  ----[0m

  [1mJavaScript literal must use map or vector notation[0m

  [36m72[0m  [36m;; That's why we need the clj->js and js->clj functions.[0m
  [36m73[0m  [36m[0m
  [33m74[0m  [1m(def newly-minted-clojure-obj (js->clj #js new-js-obj))[0m
  [0m  [0m  [33m                                                     ^--- JavaScript literal must use map or vector notation[0m
  [36m75[0m  [36m(println (str "this is my newly minted clojure object made from js->clj: \n" newly-minted-clojure-obj))[0m
  [36m76[0m  [36m[0m
  [36m77[0m  [36m(println (:country (:code newly-minted-clojure-obj)))[0m

[36m----  Reader Error : Please see src/hello_world/core.cljs  ----[0m
[0mCompiling "resources/public/js/main.js" from ["src"]...[0m
[32mSuccessfully compiled "resources/public/js/main.js" in 0.284 seconds.[0m
notifying browser that file changed:  resources/public/js/hello_world/core.js
[0mCompiling "resources/public/js/main.js" from ["src"]...[0m
[32mSuccessfully compiled "resources/public/js/main.js" in 0.283 seconds.[0m
notifying browser that file changed:  resources/public/js/hello_world/core.js
[0mCompiling "resources/public/js/main.js" from ["src"]...[0m
[32mSuccessfully compiled "resources/public/js/main.js" in 0.294 seconds.[0m
notifying browser that file changed:  resources/public/js/hello_world/core.js
[0mCompiling "resources/public/js/main.js" from ["src"]...[0m
[32mSuccessfully compiled "resources/public/js/main.js" in 0.283 seconds.[0m
notifying browser that file changed:  resources/public/js/hello_world/core.js
[0mCompiling "resources/public/js/main.js" from ["src"]...[0m
[32mSuccessfully compiled "resources/public/js/main.js" in 0.293 seconds.[0m
notifying browser that file changed:  resources/public/js/hello_world/core.js
[0mCompiling "resources/public/js/main.js" from ["src"]...[0m
[32mSuccessfully compiled "resources/public/js/main.js" in 0.288 seconds.[0m
notifying browser that file changed:  resources/public/js/hello_world/core.js
[0mCompiling "resources/public/js/main.js" from ["src"]...[0m
[31mFailed to compile "resources/public/js/main.js" in 0.274 seconds.[0m
[36m----  Could not Read  src/hello_world/core.cljs   line:83  column:45  ----[0m

  [1mUnmatched delimiter )[0m

  [36m82[0m  [36m;; For some reason this still returns NIL? should be "FR"[0m
  [33m83[0m  [1m(println :country newly-minted-clojure-obj))[0m
  [0m  [0m  [33m                                            ^--- Unmatched delimiter )[0m

[36m----  Reader Error : Please see src/hello_world/core.cljs  ----[0m
[0mCompiling "resources/public/js/main.js" from ["src"]...[0m
[32mSuccessfully compiled "resources/public/js/main.js" in 0.283 seconds.[0m
notifying browser that file changed:  resources/public/js/hello_world/core.js
[0mCompiling "resources/public/js/main.js" from ["src"]...[0m
[32mSuccessfully compiled "resources/public/js/main.js" in 0.284 seconds.[0m
notifying browser that file changed:  resources/public/js/hello_world/core.js
[0mCompiling "resources/public/js/main.js" from ["src"]...[0m
[32mSuccessfully compiled "resources/public/js/main.js" in 0.297 seconds.[0m
notifying browser that file changed:  resources/public/js/hello_world/core.js
[0mCompiling "resources/public/js/main.js" from ["src"]...[0m
[32mSuccessfully compiled "resources/public/js/main.js" in 0.303 seconds.[0m
notifying browser that file changed:  resources/public/js/hello_world/core.js
[0mCompiling "resources/public/js/main.js" from ["src"]...[0m
[32mSuccessfully compiled "resources/public/js/main.js" in 0.295 seconds.[0m
notifying browser that file changed:  resources/public/js/hello_world/core.js
[0mCompiling "resources/public/js/main.js" from ["src"]...[0m
[32mSuccessfully compiled "resources/public/js/main.js" in 0.566 seconds.[0m
notifying browser that file changed:  resources/public/js/hello_world/core.js
[0mCompiling "resources/public/js/main.js" from ["src"]...[0m
[36m----  Compiler Warning on   src/hello_world/core.cljs   line:92  column:17  ----[0m

  [1mUse of undeclared Var hello-world.core/mark-array[0m

  [36m89[0m  [36m;; We can also preallocate arrays:[0m
  [36m90[0m  [36m[0m
  [36m91[0m  [36m(println (make-array 10)) ;; => [nil nil nil nil nil nil nil nil nil nil ][0m
  [33m92[0m  [1m(println (count mark-array)) ;; => 10[0m
  [0m  [0m  [33m                ^--- Use of undeclared Var hello-world.core/mark-array[0m

[36m----  Compiler Warning : Please see src/hello_world/core.cljs  ----[0m
[32mSuccessfully compiled "resources/public/js/main.js" in 0.405 seconds.[0m
notifying browser that file changed:  resources/public/js/hello_world/core.js
[0mCompiling "resources/public/js/main.js" from ["src"]...[0m
[31mFailed to compile "resources/public/js/main.js" in 0.253 seconds.[0m
[36m----  Could not Read  src/hello_world/core.cljs   line:92  column:1  ----[0m

  [1mEOF while reading, starting at line 92 and column 1[0m

  [36m91[0m  [36m(println (make-array 10)) ;; => [nil nil nil nil nil nil nil nil nil nil ][0m
  [33m92[0m  [1m(println (count (mark-array 11)) ;; => 11[0m
  [0m  [0m  [33m^--- EOF while reading, starting at line 92 and column 1[0m

[36m----  Reader Error : Please see src/hello_world/core.cljs  ----[0m
[0mCompiling "resources/public/js/main.js" from ["src"]...[0m
[36m----  Compiler Warning on   src/hello_world/core.cljs   line:92  column:18  ----[0m

  [1mUse of undeclared Var hello-world.core/mark-array[0m

  [36m89[0m  [36m;; We can also preallocate arrays:[0m
  [36m90[0m  [36m[0m
  [36m91[0m  [36m(println (make-array 10)) ;; => [nil nil nil nil nil nil nil nil nil nil ][0m
  [33m92[0m  [1m(println (count (mark-array 11))) ;; => 11[0m
  [0m  [0m  [33m                 ^--- Use of undeclared Var hello-world.core/mark-array[0m

[36m----  Compiler Warning : Please see src/hello_world/core.cljs  ----[0m
[32mSuccessfully compiled "resources/public/js/main.js" in 0.372 seconds.[0m
notifying browser that file changed:  resources/public/js/hello_world/core.js
[0mCompiling "resources/public/js/main.js" from ["src"]...[0m
[32mSuccessfully compiled "resources/public/js/main.js" in 0.359 seconds.[0m
notifying browser that file changed:  resources/public/js/hello_world/core.js
